<?xml version="1.0" encoding="UTF-8"?>
<testng-results skipped="0" failed="0" ignored="0" total="2" passed="2">
  <reporter-output>
  </reporter-output>
  <suite name="Suite" duration-ms="89827" started-at="2021-07-03T14:13:06Z" finished-at="2021-07-03T14:14:36Z">
    <groups>
    </groups>
    <test name="Test" duration-ms="89827" started-at="2021-07-03T14:13:06Z" finished-at="2021-07-03T14:14:36Z">
      <class name="TestScripts.TestScripts">
        <test-method status="PASS" signature="browserSetUp()[pri:0, instance:TestScripts.TestScripts@1213b92]" name="browserSetUp" is-config="true" duration-ms="9650" started-at="2021-07-03T14:13:06Z" finished-at="2021-07-03T14:13:16Z">
          <reporter-output>
          </reporter-output>
        </test-method> <!-- browserSetUp -->
        <test-method status="PASS" signature="FlipkartTestCase()[pri:1, instance:TestScripts.TestScripts@1213b92]" name="FlipkartTestCase" duration-ms="19798" started-at="2021-07-03T14:13:16Z" description="Validation of Product search and Price in Flipkart" finished-at="2021-07-03T14:13:36Z">
          <reporter-output>
          </reporter-output>
        </test-method> <!-- FlipkartTestCase -->
        <test-method status="PASS" signature="closeBrowser()[pri:0, instance:TestScripts.TestScripts@1213b92]" name="closeBrowser" is-config="true" duration-ms="1205" started-at="2021-07-03T14:13:36Z" finished-at="2021-07-03T14:13:37Z">
          <reporter-output>
          </reporter-output>
        </test-method> <!-- closeBrowser -->
        <test-method status="PASS" signature="browserSetUp()[pri:0, instance:TestScripts.TestScripts@1213b92]" name="browserSetUp" is-config="true" duration-ms="6082" started-at="2021-07-03T14:13:37Z" finished-at="2021-07-03T14:13:43Z">
          <reporter-output>
          </reporter-output>
        </test-method> <!-- browserSetUp -->
        <test-method status="PASS" signature="PriceComparision()[pri:2, instance:TestScripts.TestScripts@1213b92]" name="PriceComparision" duration-ms="51942" started-at="2021-07-03T14:13:43Z" description="Validation of Price Comparision in Amazon and Flipkart Application " finished-at="2021-07-03T14:14:35Z">
          <reporter-output>
          </reporter-output>
        </test-method> <!-- PriceComparision -->
        <test-method status="PASS" signature="closeBrowser()[pri:0, instance:TestScripts.TestScripts@1213b92]" name="closeBrowser" is-config="true" duration-ms="1113" started-at="2021-07-03T14:14:35Z" finished-at="2021-07-03T14:14:36Z">
          <reporter-output>
          </reporter-output>
        </test-method> <!-- closeBrowser -->
      </class> <!-- TestScripts.TestScripts -->
    </test> <!-- Test -->
  </suite> <!-- Suite -->
</testng-results>
